Using pre-set license
Built from '2020.3/staging' branch; Version is '2020.3.14f1 (d0d1bb862f9d) revision 13685179'; Using compiler version '192528614'; Build Type 'Release'
OS: 'Windows 10 Home; OS build 22621.1992; Version 2009; 64bit' Language: 'en' Physical Memory: 8032 MB
BatchMode: 1, IsHumanControllingUs: 0, StartBugReporterOnCrash: 0, Is64bit: 1, IsPro: 0

 COMMAND LINE ARGUMENTS:
C:\Program Files\Unity\Hub\Editor\2020.3.14f1\Editor\Unity.exe
-adb2
-batchMode
-noUpm
-name
AssetImportWorker0
-projectPath
C:/Users/USER/Documents/school n stuff/unity/Fruit Ninja
-logFile
Logs/AssetImportWorker0.log
-srvPort
61452
Successfully changed project path to: C:/Users/USER/Documents/school n stuff/unity/Fruit Ninja
C:/Users/USER/Documents/school n stuff/unity/Fruit Ninja
Using Asset Import Pipeline V2.
Refreshing native plugins compatible for Editor in 31.68 ms, found 2 plugins.
Preloading 0 native plugins for Editor in 0.00 ms.
Initialize engine version: 2020.3.14f1 (d0d1bb862f9d)
[Subsystems] Discovering subsystems at path C:/Program Files/Unity/Hub/Editor/2020.3.14f1/Editor/Data/Resources/UnitySubsystems
[Subsystems] Discovering subsystems at path C:/Users/USER/Documents/school n stuff/unity/Fruit Ninja/Assets
GfxDevice: creating device client; threaded=0
Direct3D:
    Version:  Direct3D 11.0 [level 11.1]
    Renderer: NVIDIA GeForce GTX 1650 (ID=0x1f91)
    Vendor:   
    VRAM:     3962 MB
    Driver:   30.0.15.1278
Initialize mono
Mono path[0] = 'C:/Program Files/Unity/Hub/Editor/2020.3.14f1/Editor/Data/Managed'
Mono path[1] = 'C:/Program Files/Unity/Hub/Editor/2020.3.14f1/Editor/Data/MonoBleedingEdge/lib/mono/unityjit'
Mono config path = 'C:/Program Files/Unity/Hub/Editor/2020.3.14f1/Editor/Data/MonoBleedingEdge/etc'
Using monoOptions --debugger-agent=transport=dt_socket,embedding=1,server=y,suspend=n,address=127.0.0.1:56892
Begin MonoManager ReloadAssembly
Registering precompiled unity dll's ...
Register platform support module: C:/Program Files/Unity/Hub/Editor/2020.3.14f1/Editor/Data/PlaybackEngines/WebGLSupport/UnityEditor.WebGL.Extensions.dll
Register platform support module: C:/Program Files/Unity/Hub/Editor/2020.3.14f1/Editor/Data/PlaybackEngines/WindowsStandaloneSupport/UnityEditor.WindowsStandalone.Extensions.dll
Registered in 0.002018 seconds.
Native extension for WindowsStandalone target not found
Native extension for WebGL target not found
Refreshing native plugins compatible for Editor in 29.88 ms, found 2 plugins.
Preloading 0 native plugins for Editor in 0.00 ms.
Mono: successfully reloaded assembly
- Completed reload, in  3.245 seconds
Domain Reload Profiling:
	ReloadAssembly (3245ms)
		BeginReloadAssembly (69ms)
			ExecutionOrderSort (0ms)
			DisableScriptedObjects (0ms)
			BackupInstance (0ms)
			ReleaseScriptingObjects (0ms)
			CreateAndSetChildDomain (1ms)
		EndReloadAssembly (499ms)
			LoadAssemblies (66ms)
			RebuildTransferFunctionScriptingTraits (0ms)
			SetupTypeCache (205ms)
			ReleaseScriptCaches (0ms)
			RebuildScriptCaches (43ms)
			SetupLoadedEditorAssemblies (179ms)
				LogAssemblyErrors (0ms)
				InitializePlatformSupportModulesInManaged (7ms)
				SetLoadedEditorAssemblies (0ms)
				RefreshPlugins (30ms)
				BeforeProcessingInitializeOnLoad (11ms)
				ProcessInitializeOnLoadAttributes (95ms)
				ProcessInitializeOnLoadMethodAttributes (36ms)
				AfterProcessingInitializeOnLoad (0ms)
				EditorAssembliesLoaded (0ms)
			ExecutionOrderSort2 (0ms)
			AwakeInstancesAfterBackupRestoration (0ms)
Platform modules already initialized, skipping
Registering precompiled user dll's ...
Registered in 0.004132 seconds.
Begin MonoManager ReloadAssembly
Native extension for WindowsStandalone target not found
Native extension for WebGL target not found
Refreshing native plugins compatible for Editor in 0.37 ms, found 2 plugins.
Preloading 0 native plugins for Editor in 0.00 ms.
Mono: successfully reloaded assembly
- Completed reload, in  1.205 seconds
Domain Reload Profiling:
	ReloadAssembly (1206ms)
		BeginReloadAssembly (170ms)
			ExecutionOrderSort (0ms)
			DisableScriptedObjects (5ms)
			BackupInstance (0ms)
			ReleaseScriptingObjects (0ms)
			CreateAndSetChildDomain (22ms)
		EndReloadAssembly (971ms)
			LoadAssemblies (88ms)
			RebuildTransferFunctionScriptingTraits (0ms)
			SetupTypeCache (356ms)
			ReleaseScriptCaches (0ms)
			RebuildScriptCaches (54ms)
			SetupLoadedEditorAssemblies (359ms)
				LogAssemblyErrors (0ms)
				InitializePlatformSupportModulesInManaged (10ms)
				SetLoadedEditorAssemblies (1ms)
				RefreshPlugins (0ms)
				BeforeProcessingInitializeOnLoad (127ms)
				ProcessInitializeOnLoadAttributes (211ms)
				ProcessInitializeOnLoadMethodAttributes (4ms)
				AfterProcessingInitializeOnLoad (6ms)
				EditorAssembliesLoaded (0ms)
			ExecutionOrderSort2 (0ms)
			AwakeInstancesAfterBackupRestoration (6ms)
Platform modules already initialized, skipping
========================================================================
Worker process is ready to serve import requests
Launched and connected shader compiler UnityShaderCompiler.exe after 0.06 seconds
Refreshing native plugins compatible for Editor in 0.42 ms, found 2 plugins.
Preloading 0 native plugins for Editor in 0.00 ms.
Unloading 1399 Unused Serialized files (Serialized files now loaded: 0)
System memory in use before: 65.5 MB.
System memory in use after: 65.5 MB.

Unloading 19 unused Assets to reduce memory usage. Loaded Objects now: 1835.
Total: 3.370400 ms (FindLiveObjects: 0.175100 ms CreateObjectMapping: 0.121100 ms MarkObjects: 2.954100 ms  DeleteObjects: 0.118700 ms)

AssetImportParameters requested are different than current active one (requested -> active):
  custom:framework-win-MediaFoundation: 216162199b28c13a410421893ffa2e32 -> 
  custom:video-decoder-ogg-theora: a1e56fd34408186e4bbccfd4996cb3dc -> 
  custom:container-muxer-webm: aa71ff27fc2769a1b78a27578f13a17b -> 
  custom:container-demuxer-webm: 4f35f7cbe854078d1ac9338744f61a02 -> 
  custom:container-demuxer-ogg: 62fdf1f143b41e24485cea50d1cbac27 -> 
  custom:video-encoder-webm-vp8: eb34c28f22e8b96e1ab97ce403110664 -> 
  custom:video-decoder-webm-vp8: 9c59270c3fd7afecdb556c50c9e8de78 -> 
  custom:audio-decoder-ogg-vorbis: bf7c407c2cedff20999df2af8eb42d56 -> 
  custom:audio-encoder-webm-vorbis: bf7c407c2cedff20999df2af8eb42d56 -> 
========================================================================
Received Import Request.
  path: Assets/Prefabs/Watermelon.prefab
  artifactKey: Guid(4f56cf3c733568e4783accec35684424) Importer(815301076,1909f56bfc062723c751e8b465ee728b)
Start importing Assets/Prefabs/Watermelon.prefab using Guid(4f56cf3c733568e4783accec35684424) Importer(815301076,1909f56bfc062723c751e8b465ee728b)  -> (artifact id: 'f1431fe161e67d9390927a783609077e') in 0.178940 seconds 
  Import took 0.184215 seconds .

========================================================================
Received Import Request.
  Time since last request: 2.266510 seconds.
  path: Assets/Prefabs/Watermelon.prefab
  artifactKey: Guid(4f56cf3c733568e4783accec35684424) Importer(815301076,1909f56bfc062723c751e8b465ee728b)
Start importing Assets/Prefabs/Watermelon.prefab using Guid(4f56cf3c733568e4783accec35684424) Importer(815301076,1909f56bfc062723c751e8b465ee728b)  -> (artifact id: '33a997aafbaddc8531668c602c6880f8') in 0.030374 seconds 
  Import took 0.037425 seconds .

========================================================================
Received Import Request.
  Time since last request: 17.311935 seconds.
  path: Assets/Prefabs/Watermelon.prefab
  artifactKey: Guid(4f56cf3c733568e4783accec35684424) Importer(815301076,1909f56bfc062723c751e8b465ee728b)
Start importing Assets/Prefabs/Watermelon.prefab using Guid(4f56cf3c733568e4783accec35684424) Importer(815301076,1909f56bfc062723c751e8b465ee728b)  -> (artifact id: '0356e87611ba83815db6d2f37fc44bc8') in 0.016341 seconds 
  Import took 0.022138 seconds .

========================================================================
Received Import Request.
  Time since last request: 49.675431 seconds.
  path: Assets/Prefabs/Watermelon.prefab
  artifactKey: Guid(4f56cf3c733568e4783accec35684424) Importer(815301076,1909f56bfc062723c751e8b465ee728b)
Start importing Assets/Prefabs/Watermelon.prefab using Guid(4f56cf3c733568e4783accec35684424) Importer(815301076,1909f56bfc062723c751e8b465ee728b)  -> (artifact id: '78bd429cd1d5d94441aa6db773d714e0') in 0.029101 seconds 
  Import took 0.037877 seconds .

========================================================================
Received Import Request.
  Time since last request: 15.292421 seconds.
  path: Assets/Prefabs/Watermelon.prefab
  artifactKey: Guid(4f56cf3c733568e4783accec35684424) Importer(815301076,1909f56bfc062723c751e8b465ee728b)
Start importing Assets/Prefabs/Watermelon.prefab using Guid(4f56cf3c733568e4783accec35684424) Importer(815301076,1909f56bfc062723c751e8b465ee728b)  -> (artifact id: '5c3e42bdc78ede06d4165a1f3effce2c') in 0.015560 seconds 
  Import took 0.021266 seconds .

========================================================================
Received Import Request.
  Time since last request: 3.627629 seconds.
  path: Assets/Prefabs/Watermelon.prefab
  artifactKey: Guid(4f56cf3c733568e4783accec35684424) Importer(815301076,1909f56bfc062723c751e8b465ee728b)
Start importing Assets/Prefabs/Watermelon.prefab using Guid(4f56cf3c733568e4783accec35684424) Importer(815301076,1909f56bfc062723c751e8b465ee728b)  -> (artifact id: 'e54121781ad88da99ff0298262a189e2') in 0.026591 seconds 
  Import took 0.032231 seconds .

========================================================================
Received Import Request.
  Time since last request: 5.278553 seconds.
  path: Assets/Prefabs/Watermelon.prefab
  artifactKey: Guid(4f56cf3c733568e4783accec35684424) Importer(815301076,1909f56bfc062723c751e8b465ee728b)
Start importing Assets/Prefabs/Watermelon.prefab using Guid(4f56cf3c733568e4783accec35684424) Importer(815301076,1909f56bfc062723c751e8b465ee728b)  -> (artifact id: 'dc77edce886487b57a181cda2e95415c') in 0.023814 seconds 
  Import took 0.029222 seconds .

========================================================================
Received Import Request.
  Time since last request: 18.968900 seconds.
  path: Assets/Prefabs/Watermelon.prefab
  artifactKey: Guid(4f56cf3c733568e4783accec35684424) Importer(815301076,1909f56bfc062723c751e8b465ee728b)
Start importing Assets/Prefabs/Watermelon.prefab using Guid(4f56cf3c733568e4783accec35684424) Importer(815301076,1909f56bfc062723c751e8b465ee728b)  -> (artifact id: '38924b24abbe66e86c7da6924e4663dd') in 0.016422 seconds 
  Import took 0.019849 seconds .

========================================================================
Received Import Request.
  Time since last request: 2.646865 seconds.
  path: Assets/Prefabs/Watermelon.prefab
  artifactKey: Guid(4f56cf3c733568e4783accec35684424) Importer(815301076,1909f56bfc062723c751e8b465ee728b)
Start importing Assets/Prefabs/Watermelon.prefab using Guid(4f56cf3c733568e4783accec35684424) Importer(815301076,1909f56bfc062723c751e8b465ee728b)  -> (artifact id: '505c294e28a3a354b9d1d63aad44497e') in 0.016719 seconds 
  Import took 0.021447 seconds .

========================================================================
Received Import Request.
  Time since last request: 4.446555 seconds.
  path: Assets/Prefabs/Watermelon.prefab
  artifactKey: Guid(4f56cf3c733568e4783accec35684424) Importer(815301076,1909f56bfc062723c751e8b465ee728b)
Start importing Assets/Prefabs/Watermelon.prefab using Guid(4f56cf3c733568e4783accec35684424) Importer(815301076,1909f56bfc062723c751e8b465ee728b)  -> (artifact id: '740c14da16847a723c7bacb16aadcba5') in 0.017422 seconds 
  Import took 0.021426 seconds .

========================================================================
Received Import Request.
  Time since last request: 31.466353 seconds.
  path: Assets/Prefabs/Watermelon.prefab
  artifactKey: Guid(4f56cf3c733568e4783accec35684424) Importer(815301076,1909f56bfc062723c751e8b465ee728b)
Start importing Assets/Prefabs/Watermelon.prefab using Guid(4f56cf3c733568e4783accec35684424) Importer(815301076,1909f56bfc062723c751e8b465ee728b)  -> (artifact id: '13c7f2ca062ab9d56f2b7902473a4140') in 0.023357 seconds 
  Import took 0.030457 seconds .

========================================================================
Received Import Request.
  Time since last request: 3.681067 seconds.
  path: Assets/Prefabs/Watermelon.prefab
  artifactKey: Guid(4f56cf3c733568e4783accec35684424) Importer(815301076,1909f56bfc062723c751e8b465ee728b)
Start importing Assets/Prefabs/Watermelon.prefab using Guid(4f56cf3c733568e4783accec35684424) Importer(815301076,1909f56bfc062723c751e8b465ee728b)  -> (artifact id: '3617ae3deb482294d9a33dd212c2d0a0') in 0.016864 seconds 
  Import took 0.021746 seconds .

========================================================================
Received Import Request.
  Time since last request: 4.057202 seconds.
  path: Assets/Prefabs/Watermelon.prefab
  artifactKey: Guid(4f56cf3c733568e4783accec35684424) Importer(815301076,1909f56bfc062723c751e8b465ee728b)
Start importing Assets/Prefabs/Watermelon.prefab using Guid(4f56cf3c733568e4783accec35684424) Importer(815301076,1909f56bfc062723c751e8b465ee728b)  -> (artifact id: 'f42d4855eefae92d5553b18c9fdc2013') in 0.018556 seconds 
  Import took 0.023452 seconds .

========================================================================
Received Import Request.
  Time since last request: 1.981507 seconds.
  path: Assets/Prefabs/Watermelon.prefab
  artifactKey: Guid(4f56cf3c733568e4783accec35684424) Importer(815301076,1909f56bfc062723c751e8b465ee728b)
Start importing Assets/Prefabs/Watermelon.prefab using Guid(4f56cf3c733568e4783accec35684424) Importer(815301076,1909f56bfc062723c751e8b465ee728b)  -> (artifact id: 'cfcd7937c7036e42700cd61eaf6ec746') in 0.022216 seconds 
  Import took 0.027879 seconds .

========================================================================
Received Import Request.
  Time since last request: 38.470379 seconds.
  path: Assets/Prefabs/Lemon.prefab
  artifactKey: Guid(a615cb537327fea44a2f2f934dcf404f) Importer(815301076,1909f56bfc062723c751e8b465ee728b)
Start importing Assets/Prefabs/Lemon.prefab using Guid(a615cb537327fea44a2f2f934dcf404f) Importer(815301076,1909f56bfc062723c751e8b465ee728b)  -> (artifact id: 'e71d71cc6e90368771c9f587a3af745e') in 0.017352 seconds 
  Import took 0.021605 seconds .

========================================================================
Received Import Request.
  Time since last request: 3.234620 seconds.
  path: Assets/Prefabs/Lemon.prefab
  artifactKey: Guid(a615cb537327fea44a2f2f934dcf404f) Importer(815301076,1909f56bfc062723c751e8b465ee728b)
Start importing Assets/Prefabs/Lemon.prefab using Guid(a615cb537327fea44a2f2f934dcf404f) Importer(815301076,1909f56bfc062723c751e8b465ee728b)  -> (artifact id: '73f123e8e319281f3b30640ae53a439c') in 0.017822 seconds 
  Import took 0.021575 seconds .

========================================================================
Received Import Request.
  Time since last request: 3.101523 seconds.
  path: Assets/Prefabs/Lemon.prefab
  artifactKey: Guid(a615cb537327fea44a2f2f934dcf404f) Importer(815301076,1909f56bfc062723c751e8b465ee728b)
Start importing Assets/Prefabs/Lemon.prefab using Guid(a615cb537327fea44a2f2f934dcf404f) Importer(815301076,1909f56bfc062723c751e8b465ee728b)  -> (artifact id: '9ba6315e975dd8b8d28df573b1dd5935') in 0.023688 seconds 
  Import took 0.029757 seconds .

========================================================================
Received Import Request.
  Time since last request: 6.924457 seconds.
  path: Assets/Prefabs/Kiwi.prefab
  artifactKey: Guid(e1198be74292bdf4d95f47357bf07019) Importer(815301076,1909f56bfc062723c751e8b465ee728b)
Start importing Assets/Prefabs/Kiwi.prefab using Guid(e1198be74292bdf4d95f47357bf07019) Importer(815301076,1909f56bfc062723c751e8b465ee728b)  -> (artifact id: 'e71af75a77f7e1f024bf638e93fe19fb') in 0.016524 seconds 
  Import took 0.020532 seconds .

========================================================================
Received Import Request.
  Time since last request: 3.062057 seconds.
  path: Assets/Prefabs/Kiwi.prefab
  artifactKey: Guid(e1198be74292bdf4d95f47357bf07019) Importer(815301076,1909f56bfc062723c751e8b465ee728b)
Start importing Assets/Prefabs/Kiwi.prefab using Guid(e1198be74292bdf4d95f47357bf07019) Importer(815301076,1909f56bfc062723c751e8b465ee728b)  -> (artifact id: '30445ee562cc36ed47599ceeec49f908') in 0.017323 seconds 
  Import took 0.021361 seconds .

========================================================================
Received Import Request.
  Time since last request: 2.606357 seconds.
  path: Assets/Prefabs/Kiwi.prefab
  artifactKey: Guid(e1198be74292bdf4d95f47357bf07019) Importer(815301076,1909f56bfc062723c751e8b465ee728b)
Start importing Assets/Prefabs/Kiwi.prefab using Guid(e1198be74292bdf4d95f47357bf07019) Importer(815301076,1909f56bfc062723c751e8b465ee728b)  -> (artifact id: '361dbc1adcc9be6bb7e031a4aa519320') in 0.019009 seconds 
  Import took 0.023589 seconds .

========================================================================
Received Prepare
Registering precompiled user dll's ...
Registered in 0.004723 seconds.
Begin MonoManager ReloadAssembly
Native extension for WindowsStandalone target not found
Native extension for WebGL target not found
Refreshing native plugins compatible for Editor in 0.31 ms, found 2 plugins.
Preloading 0 native plugins for Editor in 0.00 ms.
Mono: successfully reloaded assembly
- Completed reload, in  1.009 seconds
Domain Reload Profiling:
	ReloadAssembly (1010ms)
		BeginReloadAssembly (184ms)
			ExecutionOrderSort (0ms)
			DisableScriptedObjects (5ms)
			BackupInstance (0ms)
			ReleaseScriptingObjects (0ms)
			CreateAndSetChildDomain (59ms)
		EndReloadAssembly (762ms)
			LoadAssemblies (99ms)
			RebuildTransferFunctionScriptingTraits (0ms)
			SetupTypeCache (268ms)
			ReleaseScriptCaches (1ms)
			RebuildScriptCaches (39ms)
			SetupLoadedEditorAssemblies (274ms)
				LogAssemblyErrors (0ms)
				InitializePlatformSupportModulesInManaged (6ms)
				SetLoadedEditorAssemblies (0ms)
				RefreshPlugins (0ms)
				BeforeProcessingInitializeOnLoad (86ms)
				ProcessInitializeOnLoadAttributes (173ms)
				ProcessInitializeOnLoadMethodAttributes (3ms)
				AfterProcessingInitializeOnLoad (6ms)
				EditorAssembliesLoaded (0ms)
			ExecutionOrderSort2 (0ms)
			AwakeInstancesAfterBackupRestoration (6ms)
Platform modules already initialized, skipping
Refreshing native plugins compatible for Editor in 0.31 ms, found 2 plugins.
Preloading 0 native plugins for Editor in 0.00 ms.
Unloading 1394 Unused Serialized files (Serialized files now loaded: 0)
System memory in use before: 68.6 MB.
System memory in use after: 68.7 MB.

Unloading 14 unused Assets to reduce memory usage. Loaded Objects now: 1845.
Total: 2.197700 ms (FindLiveObjects: 0.133800 ms CreateObjectMapping: 0.044000 ms MarkObjects: 1.938200 ms  DeleteObjects: 0.080600 ms)

AssetImportParameters requested are different than current active one (requested -> active):
  custom:framework-win-MediaFoundation: 216162199b28c13a410421893ffa2e32 -> 
  custom:video-decoder-ogg-theora: a1e56fd34408186e4bbccfd4996cb3dc -> 
  custom:container-muxer-webm: aa71ff27fc2769a1b78a27578f13a17b -> 
  custom:container-demuxer-webm: 4f35f7cbe854078d1ac9338744f61a02 -> 
  custom:container-demuxer-ogg: 62fdf1f143b41e24485cea50d1cbac27 -> 
  custom:video-encoder-webm-vp8: eb34c28f22e8b96e1ab97ce403110664 -> 
  custom:video-decoder-webm-vp8: 9c59270c3fd7afecdb556c50c9e8de78 -> 
  custom:audio-decoder-ogg-vorbis: bf7c407c2cedff20999df2af8eb42d56 -> 
  custom:audio-encoder-webm-vorbis: bf7c407c2cedff20999df2af8eb42d56 -> 
AssetImportWorkerClient::OnTransportError - code=2 error=End of file
